
> fish-city-ingestion@0.2.0 orchestrator:rollup:report
> node scripts/orchestrator_rollup_report.mjs --day 2026-03-01 --json true

{
  "generatedAt": "2026-03-07T18:42:12.688Z",
  "windowDays": 7,
  "selectedDay": null,
  "availableDays": [
    "2026-03-03",
    "2026-03-04",
    "2026-03-05",
    "2026-03-06"
  ],
  "totals": {
    "runsTotal": 48,
    "completed": 43,
    "failed": 5,
    "skipped": 0,
    "stageStats": {
      "snapshot": {
        "totalMs": 161500,
        "maxMs": 10800,
        "avgMs": 3365
      },
      "diff": {
        "totalMs": 27400,
        "maxMs": 1300,
        "avgMs": 571
      },
      "rules": {
        "totalMs": 9300,
        "maxMs": 500,
        "avgMs": 194
      },
      "push": {
        "totalMs": 31300,
        "maxMs": 1800,
        "avgMs": 652
      },
      "totalPipeline": {
        "totalMs": 229500,
        "maxMs": 12800,
        "avgMs": 4781
      }
    },
    "successRatePct": 89.6,
    "failureRatePct": 10.4,
    "skipRatePct": 0
  },
  "days": [
    {
      "day": "2026-03-03",
      "lastRunAt": "2026-03-03T23:58:00.000Z",
      "runsTotal": 12,
      "completed": 11,
      "failed": 1,
      "skipped": 0,
      "successRatePct": 91.7,
      "failureRatePct": 8.3,
      "skipRatePct": 0,
      "stageStats": {
        "snapshot": {
          "totalMs": 18000,
          "maxMs": 3200,
          "avgMs": 1500
        },
        "diff": {
          "totalMs": 6000,
          "maxMs": 1100,
          "avgMs": 500
        },
        "rules": {
          "totalMs": 2200,
          "maxMs": 450,
          "avgMs": 183
        },
        "push": {
          "totalMs": 7200,
          "maxMs": 1600,
          "avgMs": 600
        },
        "totalPipeline": {
          "totalMs": 33400,
          "maxMs": 5500,
          "avgMs": 2783
        }
      }
    },
    {
      "day": "2026-03-04",
      "lastRunAt": "2026-03-04T23:58:00.000Z",
      "runsTotal": 12,
      "completed": 10,
      "failed": 2,
      "skipped": 0,
      "successRatePct": 83.3,
      "failureRatePct": 16.7,
      "skipRatePct": 0,
      "stageStats": {
        "snapshot": {
          "totalMs": 64000,
          "maxMs": 10800,
          "avgMs": 5333
        },
        "diff": {
          "totalMs": 7400,
          "maxMs": 1300,
          "avgMs": 617
        },
        "rules": {
          "totalMs": 2600,
          "maxMs": 500,
          "avgMs": 217
        },
        "push": {
          "totalMs": 8300,
          "maxMs": 1800,
          "avgMs": 692
        },
        "totalPipeline": {
          "totalMs": 82300,
          "maxMs": 12800,
          "avgMs": 6858
        }
      }
    },
    {
      "day": "2026-03-05",
      "lastRunAt": "2026-03-05T23:57:00.000Z",
      "runsTotal": 11,
      "completed": 9,
      "failed": 2,
      "skipped": 0,
      "successRatePct": 81.8,
      "failureRatePct": 18.2,
      "skipRatePct": 0,
      "stageStats": {
        "snapshot": {
          "totalMs": 59000,
          "maxMs": 9700,
          "avgMs": 5364
        },
        "diff": {
          "totalMs": 7200,
          "maxMs": 1200,
          "avgMs": 655
        },
        "rules": {
          "totalMs": 2400,
          "maxMs": 470,
          "avgMs": 218
        },
        "push": {
          "totalMs": 8200,
          "maxMs": 1700,
          "avgMs": 745
        },
        "totalPipeline": {
          "totalMs": 76800,
          "maxMs": 12100,
          "avgMs": 6982
        }
      }
    },
    {
      "day": "2026-03-06",
      "lastRunAt": "2026-03-06T23:59:00.000Z",
      "runsTotal": 13,
      "completed": 13,
      "failed": 0,
      "skipped": 0,
      "successRatePct": 100,
      "failureRatePct": 0,
      "skipRatePct": 0,
      "stageStats": {
        "snapshot": {
          "totalMs": 20500,
          "maxMs": 3300,
          "avgMs": 1577
        },
        "diff": {
          "totalMs": 6800,
          "maxMs": 1100,
          "avgMs": 523
        },
        "rules": {
          "totalMs": 2100,
          "maxMs": 460,
          "avgMs": 162
        },
        "push": {
          "totalMs": 7600,
          "maxMs": 1650,
          "avgMs": 585
        },
        "totalPipeline": {
          "totalMs": 37000,
          "maxMs": 5600,
          "avgMs": 2846
        }
      }
    }
  ],
  "thresholdEvaluation": {
    "thresholds": {
      "maxStageAvgMs": {
        "snapshot": 4000,
        "push": 5000,
        "totalPipeline": 12000
      }
    },
    "status": "ok",
    "issues": []
  },
  "alertEvaluation": {
    "shouldAlert": false,
    "status": "ok",
    "requiredConsecutiveWarnDays": 2,
    "consecutiveWarnDays": 0,
    "latestDay": "2026-03-06",
    "reasons": []
  }
}
